2025-07-15 06:03:28,465 - INFO - Starting full data processing pipeline...
2025-07-15 06:03:28,465 - INFO - Loading data from sample_diabetes_data.csv
2025-07-15 06:03:28,470 - INFO - Data loaded successfully. Shape: (1000, 31)
2025-07-15 06:03:28,470 - INFO - Performing data exploration...
2025-07-15 06:03:28,476 - INFO - Data exploration completed. Dataset has 1000 rows and 31 columns.
2025-07-15 06:03:28,476 - INFO - Starting data cleaning...
2025-07-15 06:03:28,478 - INFO - Removed 0 duplicate rows
2025-07-15 06:03:28,480 - INFO - Removed 51 records with missing weight
2025-07-15 06:03:28,481 - INFO - Removed 188 records with death/hospice discharge
2025-07-15 06:03:28,481 - INFO - Removed 0 duplicate encounters
2025-07-15 06:03:28,481 - INFO - Data cleaning completed. Final dataset shape: (761, 31)
2025-07-15 06:03:28,481 - INFO - Creating target variable for 30-day readmission...
2025-07-15 06:03:28,482 - INFO - Target distribution - Not readmitted: 669, Readmitted within 30 days: 92
2025-07-15 06:03:28,482 - INFO - Handling missing values...
2025-07-15 06:03:28,487 - INFO - Missing value handling completed
2025-07-15 06:03:28,487 - INFO - Handling outliers...
2025-07-15 06:03:28,498 - INFO - Outlier handling completed for 11 numerical columns
2025-07-15 06:03:28,498 - INFO - Performing feature engineering...
2025-07-15 06:03:28,503 - INFO - Feature engineering completed. Added 9 new features
2025-07-15 06:03:28,503 - INFO - Encoding categorical features...
2025-07-15 06:03:28,519 - INFO - Categorical encoding completed for 17 columns
2025-07-15 06:03:28,519 - INFO - Calculating feature importance...
2025-07-15 06:03:28,667 - INFO - Feature importance calculation completed
2025-07-15 06:03:28,668 - INFO - Exporting data in formats: ['csv', 'json']
2025-07-15 06:03:28,674 - INFO - Data exported to CSV: demo_output/diabetes_processed_20250715_060328.csv
2025-07-15 06:03:28,676 - ERROR - Pipeline failed: Cannot interpret 'CategoricalDtype(categories=['Young', 'Middle', 'Senior', 'Elderly'], ordered=True, categories_dtype=object)' as a data type
2025-07-15 06:03:28,680 - INFO - Loading data from sample_data_steps.csv
2025-07-15 06:03:28,682 - INFO - Data loaded successfully. Shape: (500, 31)
2025-07-15 06:03:28,682 - INFO - Performing data exploration...
2025-07-15 06:03:28,686 - INFO - Data exploration completed. Dataset has 500 rows and 31 columns.
2025-07-15 06:03:28,686 - INFO - Starting data cleaning...
2025-07-15 06:03:28,687 - INFO - Removed 0 duplicate rows
2025-07-15 06:03:28,689 - INFO - Removed 31 records with missing weight
2025-07-15 06:03:28,689 - INFO - Removed 100 records with death/hospice discharge
2025-07-15 06:03:28,690 - INFO - Removed 0 duplicate encounters
2025-07-15 06:03:28,690 - INFO - Data cleaning completed. Final dataset shape: (369, 31)
2025-07-15 06:03:28,690 - INFO - Creating target variable for 30-day readmission...
2025-07-15 06:03:28,690 - INFO - Target distribution - Not readmitted: 333, Readmitted within 30 days: 36
2025-07-15 06:03:28,690 - INFO - Handling missing values...
2025-07-15 06:03:28,694 - INFO - Missing value handling completed
2025-07-15 06:03:28,695 - INFO - Performing feature engineering...
2025-07-15 06:03:28,699 - INFO - Feature engineering completed. Added 9 new features
2025-07-15 06:03:28,699 - INFO - Encoding categorical features...
2025-07-15 06:03:28,712 - INFO - Categorical encoding completed for 17 columns
2025-07-15 06:03:28,712 - INFO - Calculating feature importance...
2025-07-15 06:03:28,851 - INFO - Feature importance calculation completed
